  [1m[36m (1.7ms)[0m  [1mCREATE TABLE "schema_migrations" ("version" varchar NOT NULL) [0m
  [1m[35m (0.1ms)[0m  select sqlite_version(*)
  [1m[36m (1.6ms)[0m  [1mCREATE UNIQUE INDEX "unique_schema_migrations" ON "schema_migrations" ("version")[0m
  [1m[35mActiveRecord::SchemaMigration Load (0.1ms)[0m  SELECT "schema_migrations".* FROM "schema_migrations"


Started GET "/" for ::1 at 2015-11-17 17:47:54 -0600
Processing by Rails::WelcomeController#index as HTML
  Rendered /Users/admin/.rvm/gems/ruby-2.1.2/gems/railties-4.2.3/lib/rails/templates/rails/welcome/index.html.erb (2.8ms)
Completed 200 OK in 27ms (Views: 19.4ms | ActiveRecord: 0.0ms)
  [1m[36mActiveRecord::SchemaMigration Load (0.1ms)[0m  [1mSELECT "schema_migrations".* FROM "schema_migrations"[0m
Migrating to CreateStudents (1)
  [1m[35m (0.1ms)[0m  begin transaction
  [1m[36m (0.4ms)[0m  [1mCREATE TABLE "students" ("id" INTEGER PRIMARY KEY AUTOINCREMENT NOT NULL, "first_name" varchar, "last_name" varchar, "created_at" datetime NOT NULL, "updated_at" datetime NOT NULL) [0m
  [1m[35mSQL (0.3ms)[0m  INSERT INTO "schema_migrations" ("version") VALUES (?)  [["version", "1"]]
  [1m[36m (1.4ms)[0m  [1mcommit transaction[0m
  [1m[35mActiveRecord::SchemaMigration Load (0.1ms)[0m  SELECT "schema_migrations".* FROM "schema_migrations"
  [1m[36m (0.1ms)[0m  [1mbegin transaction[0m
  [1m[35mSQL (0.3ms)[0m  INSERT INTO "students" ("first_name", "last_name", "created_at", "updated_at") VALUES (?, ?, ?, ?)  [["first_name", "Jordan"], ["last_name", "Hudgens"], ["created_at", "2015-11-18 00:10:55.545365"], ["updated_at", "2015-11-18 00:10:55.545365"]]
  [1m[36m (2.9ms)[0m  [1mcommit transaction[0m
  [1m[35mStudent Load (0.2ms)[0m  SELECT  "students".* FROM "students"  ORDER BY "students"."id" DESC LIMIT 1
  [1m[36m (0.1ms)[0m  [1mbegin transaction[0m
  [1m[35mSQL (0.3ms)[0m  INSERT INTO "students" ("created_at", "updated_at") VALUES (?, ?)  [["created_at", "2015-11-18 00:17:49.095449"], ["updated_at", "2015-11-18 00:17:49.095449"]]
  [1m[36m (1.2ms)[0m  [1mcommit transaction[0m
  [1m[35mStudent Load (0.2ms)[0m  SELECT  "students".* FROM "students"  ORDER BY "students"."id" DESC LIMIT 1
  [1m[36mActiveRecord::SchemaMigration Load (0.1ms)[0m  [1mSELECT "schema_migrations".* FROM "schema_migrations"[0m
  [1m[35mActiveRecord::SchemaMigration Load (0.1ms)[0m  SELECT "schema_migrations".* FROM "schema_migrations"


Started GET "/" for ::1 at 2015-11-18 13:36:42 -0600
  [1m[36mActiveRecord::SchemaMigration Load (0.1ms)[0m  [1mSELECT "schema_migrations".* FROM "schema_migrations"[0m
Processing by Rails::WelcomeController#index as HTML
  Rendered /Users/admin/.rvm/gems/ruby-2.1.2/gems/railties-4.2.3/lib/rails/templates/rails/welcome/index.html.erb (2.4ms)
Completed 200 OK in 39ms (Views: 24.5ms | ActiveRecord: 0.0ms)


Started GET "/" for ::1 at 2015-11-18 13:37:10 -0600
Processing by Rails::WelcomeController#index as HTML
  Rendered /Users/admin/.rvm/gems/ruby-2.1.2/gems/railties-4.2.3/lib/rails/templates/rails/welcome/index.html.erb (0.0ms)
Completed 200 OK in 1ms (Views: 0.7ms | ActiveRecord: 0.0ms)
  [1m[36mActiveRecord::SchemaMigration Load (0.5ms)[0m  [1mSELECT "schema_migrations".* FROM "schema_migrations"[0m
  [1m[35mActiveRecord::SchemaMigration Load (0.1ms)[0m  SELECT "schema_migrations".* FROM "schema_migrations"
  [1m[36mStudent Load (0.4ms)[0m  [1mSELECT  "students".* FROM "students"  ORDER BY "students"."id" DESC LIMIT 1[0m
  [1m[35mStudent Load (0.2ms)[0m  SELECT  "students".* FROM "students"  ORDER BY "students"."id" DESC LIMIT 1
  [1m[36m (0.1ms)[0m  [1mbegin transaction[0m
  [1m[35mSQL (0.6ms)[0m  DELETE FROM "students" WHERE "students"."id" = ?  [["id", 2]]
  [1m[36m (1.6ms)[0m  [1mcommit transaction[0m
  [1m[35mStudent Load (0.2ms)[0m  SELECT "students".* FROM "students"
  [1m[35m (6.9ms)[0m  [1m[35mCREATE TABLE "ar_internal_metadata" ("key" varchar NOT NULL PRIMARY KEY, "value" varchar, "created_at" datetime NOT NULL, "updated_at" datetime NOT NULL)[0m
  [1m[36mActiveRecord::SchemaMigration Load (0.1ms)[0m  [1m[34mSELECT "schema_migrations".* FROM "schema_migrations"[0m
Migrating to CreateSchoolClasses (20210105001825)
  [1m[35m (0.0ms)[0m  [1m[36mbegin transaction[0m
  [1m[35m (0.3ms)[0m  [1m[35mCREATE TABLE "school_classes" ("id" INTEGER PRIMARY KEY AUTOINCREMENT NOT NULL, "title" varchar, "room_number" integer, "created_at" datetime NOT NULL, "updated_at" datetime NOT NULL)[0m
  [1m[35mSQL (0.1ms)[0m  [1m[32mINSERT INTO "schema_migrations" ("version") VALUES (?)[0m  [["version", "20210105001825"]]
  [1m[35m (0.6ms)[0m  [1m[36mcommit transaction[0m
  [1m[36mActiveRecord::InternalMetadata Load (0.1ms)[0m  [1m[34mSELECT  "ar_internal_metadata".* FROM "ar_internal_metadata" WHERE "ar_internal_metadata"."key" = ? LIMIT ?[0m  [["key", "environment"], ["LIMIT", 1]]
  [1m[35m (0.0ms)[0m  [1m[36mbegin transaction[0m
  [1m[35mSQL (0.2ms)[0m  [1m[32mINSERT INTO "ar_internal_metadata" ("key", "value", "created_at", "updated_at") VALUES (?, ?, ?, ?)[0m  [["key", "environment"], ["value", "development"], ["created_at", "2021-01-05 00:21:47.465221"], ["updated_at", "2021-01-05 00:21:47.465221"]]
  [1m[35m (0.6ms)[0m  [1m[36mcommit transaction[0m
  [1m[36mActiveRecord::SchemaMigration Load (0.1ms)[0m  [1m[34mSELECT "schema_migrations".* FROM "schema_migrations"[0m
Started GET "/students/new" for ::1 at 2021-01-04 18:45:00 -0700
  [1m[36mActiveRecord::SchemaMigration Load (0.2ms)[0m  [1m[34mSELECT "schema_migrations".* FROM "schema_migrations"[0m
Processing by StudentsController#new as HTML
  Rendering students/new.html.erb within layouts/application
  Rendered students/new.html.erb within layouts/application (11.7ms)
Completed 200 OK in 360ms (Views: 350.2ms | ActiveRecord: 0.4ms)


Started POST "/students" for ::1 at 2021-01-04 18:45:17 -0700
Processing by StudentsController#create as HTML
  Parameters: {"utf8"=>"✓", "authenticity_token"=>"UxnDwY8sUrUiXNRgHEU4T/xc2qoip9SxZ3fPjl4BzdBCbpaJrOIBwvxJ9CmypVDlbRNnQm3jTU2Qroy5urosrg==", "student"=>{"first_name"=>"Todd", "last_name"=>"S"}, "commit"=>"Create Student"}
  [1m[35m (0.1ms)[0m  [1m[36mbegin transaction[0m
  [1m[35mSQL (0.7ms)[0m  [1m[32mINSERT INTO "students" ("first_name", "last_name", "created_at", "updated_at") VALUES (?, ?, ?, ?)[0m  [["first_name", "Todd"], ["last_name", "S"], ["created_at", "2021-01-05 01:45:17.327189"], ["updated_at", "2021-01-05 01:45:17.327189"]]
  [1m[35m (0.9ms)[0m  [1m[36mcommit transaction[0m
Redirected to http://localhost:3000/students/3
Completed 302 Found in 5ms (ActiveRecord: 1.7ms)


Started GET "/students/3" for ::1 at 2021-01-04 18:45:17 -0700
Processing by StudentsController#show as HTML
  Parameters: {"id"=>"3"}
  [1m[36mStudent Load (0.2ms)[0m  [1m[34mSELECT  "students".* FROM "students" WHERE "students"."id" = ? LIMIT ?[0m  [["id", 3], ["LIMIT", 1]]
  Rendering students/show.html.erb within layouts/application
  Rendered students/show.html.erb within layouts/application (0.5ms)
Completed 200 OK in 15ms (Views: 11.9ms | ActiveRecord: 0.2ms)


Started GET "/students/3/edit" for ::1 at 2021-01-04 18:45:31 -0700
Processing by StudentsController#edit as HTML
  Parameters: {"id"=>"3"}
  [1m[36mStudent Load (0.1ms)[0m  [1m[34mSELECT  "students".* FROM "students" WHERE "students"."id" = ? LIMIT ?[0m  [["id", 3], ["LIMIT", 1]]
  Rendering students/edit.html.erb within layouts/application
  Rendered students/edit.html.erb within layouts/application (1.4ms)
Completed 200 OK in 12ms (Views: 11.0ms | ActiveRecord: 0.1ms)


Started PATCH "/students/3" for ::1 at 2021-01-04 18:45:38 -0700
Processing by StudentsController#update as HTML
  Parameters: {"utf8"=>"✓", "authenticity_token"=>"QTmQC0tqpzEXKofrQLsLW1YkWGNSxrClU6Wt8nC0U75QTsVDaKT0Rsk/p6LuW2Pxx2vlix2CKVmkfO7FlA+ywA==", "student"=>{"first_name"=>"Todd", "last_name"=>"Stoneberg"}, "commit"=>"Update Student", "id"=>"3"}
  [1m[36mStudent Load (0.1ms)[0m  [1m[34mSELECT  "students".* FROM "students" WHERE "students"."id" = ? LIMIT ?[0m  [["id", 3], ["LIMIT", 1]]
  [1m[35m (0.0ms)[0m  [1m[36mbegin transaction[0m
  [1m[35mSQL (0.3ms)[0m  [1m[33mUPDATE "students" SET "last_name" = ?, "updated_at" = ? WHERE "students"."id" = ?[0m  [["last_name", "Stoneberg"], ["updated_at", "2021-01-05 01:45:38.884366"], ["id", 3]]
  [1m[35m (0.5ms)[0m  [1m[36mcommit transaction[0m
Redirected to http://localhost:3000/students/3
Completed 302 Found in 3ms (ActiveRecord: 0.9ms)


Started GET "/students/3" for ::1 at 2021-01-04 18:45:38 -0700
Processing by StudentsController#show as HTML
  Parameters: {"id"=>"3"}
  [1m[36mStudent Load (0.1ms)[0m  [1m[34mSELECT  "students".* FROM "students" WHERE "students"."id" = ? LIMIT ?[0m  [["id", 3], ["LIMIT", 1]]
  Rendering students/show.html.erb within layouts/application
  Rendered students/show.html.erb within layouts/application (0.4ms)
Completed 200 OK in 13ms (Views: 11.7ms | ActiveRecord: 0.1ms)


Started GET "/school_classes/new" for ::1 at 2021-01-04 18:45:59 -0700
Processing by SchoolClassesController#new as HTML
  Rendering school_classes/new.html.erb within layouts/application
  Rendered school_classes/new.html.erb within layouts/application (2.5ms)
Completed 200 OK in 29ms (Views: 13.3ms | ActiveRecord: 0.5ms)


Started POST "/school_classes" for ::1 at 2021-01-04 18:46:08 -0700
Processing by SchoolClassesController#create as HTML
  Parameters: {"utf8"=>"✓", "authenticity_token"=>"RmEqyPTZWxkdYqrxSV0cOfIM5yIY6/mdicsw+WO5ZiBXFn+A1xcIbsN3irjnvXSTY0NaylevYGF+EnPOhwKHXg==", "school_class"=>{"title"=>"Math", "room_number"=>"3"}, "commit"=>"Create School class"}
  [1m[35m (0.1ms)[0m  [1m[36mbegin transaction[0m
  [1m[35mSQL (0.6ms)[0m  [1m[32mINSERT INTO "school_classes" ("title", "room_number", "created_at", "updated_at") VALUES (?, ?, ?, ?)[0m  [["title", "Math"], ["room_number", 3], ["created_at", "2021-01-05 01:46:08.204695"], ["updated_at", "2021-01-05 01:46:08.204695"]]
  [1m[35m (1.2ms)[0m  [1m[36mcommit transaction[0m
Redirected to http://localhost:3000/school_classes/1
Completed 302 Found in 5ms (ActiveRecord: 1.9ms)


Started GET "/school_classes/1" for ::1 at 2021-01-04 18:46:08 -0700
Processing by SchoolClassesController#show as HTML
  Parameters: {"id"=>"1"}
  [1m[36mSchoolClass Load (0.1ms)[0m  [1m[34mSELECT  "school_classes".* FROM "school_classes" WHERE "school_classes"."id" = ? LIMIT ?[0m  [["id", 1], ["LIMIT", 1]]
  Rendering school_classes/show.html.erb within layouts/application
  Rendered school_classes/show.html.erb within layouts/application (0.3ms)
Completed 200 OK in 13ms (Views: 11.1ms | ActiveRecord: 0.1ms)


Started GET "/school_classes/1/edit" for ::1 at 2021-01-04 18:46:20 -0700
Processing by SchoolClassesController#edit as HTML
  Parameters: {"id"=>"1"}
  [1m[36mSchoolClass Load (0.1ms)[0m  [1m[34mSELECT  "school_classes".* FROM "school_classes" WHERE "school_classes"."id" = ? LIMIT ?[0m  [["id", 1], ["LIMIT", 1]]
  Rendering school_classes/edit.html.erb within layouts/application
  Rendered school_classes/edit.html.erb within layouts/application (1.7ms)
Completed 200 OK in 24ms (Views: 22.6ms | ActiveRecord: 0.1ms)


Started PATCH "/school_classes/1" for ::1 at 2021-01-04 18:46:27 -0700
Processing by SchoolClassesController#update as HTML
  Parameters: {"utf8"=>"✓", "authenticity_token"=>"y2cCKWGB7B+p/sMxjIacw/vmKAsje7i24vCOL8Oh7LnaEFdhQk+/aHfr43giZvRpaqmV42w/IUoVKc0YJxoNxw==", "school_class"=>{"title"=>"Math", "room_number"=>"20000000"}, "commit"=>"Update School class", "id"=>"1"}
  [1m[36mSchoolClass Load (0.1ms)[0m  [1m[34mSELECT  "school_classes".* FROM "school_classes" WHERE "school_classes"."id" = ? LIMIT ?[0m  [["id", 1], ["LIMIT", 1]]
  [1m[35m (0.0ms)[0m  [1m[36mbegin transaction[0m
  [1m[35mSQL (0.3ms)[0m  [1m[33mUPDATE "school_classes" SET "room_number" = ?, "updated_at" = ? WHERE "school_classes"."id" = ?[0m  [["room_number", 20000000], ["updated_at", "2021-01-05 01:46:27.033354"], ["id", 1]]
  [1m[35m (1.0ms)[0m  [1m[36mcommit transaction[0m
Redirected to http://localhost:3000/school_classes/1
Completed 302 Found in 5ms (ActiveRecord: 1.4ms)


Started GET "/school_classes/1" for ::1 at 2021-01-04 18:46:27 -0700
Processing by SchoolClassesController#show as HTML
  Parameters: {"id"=>"1"}
  [1m[36mSchoolClass Load (0.2ms)[0m  [1m[34mSELECT  "school_classes".* FROM "school_classes" WHERE "school_classes"."id" = ? LIMIT ?[0m  [["id", 1], ["LIMIT", 1]]
  Rendering school_classes/show.html.erb within layouts/application
  Rendered school_classes/show.html.erb within layouts/application (0.9ms)
Completed 200 OK in 22ms (Views: 19.9ms | ActiveRecord: 0.2ms)


